<?xml version="1.0" encoding="UTF-8"?>
<!-- Generated by org.testng.reporters.JUnitReportReporter -->
<testsuite hostname="DESKTOP-RDG3KHH" failures="0" tests="13" name="org.check.EdgeTestingClass" time="255.593" errors="0" timestamp="2023-10-13T14:52:34 IST" skipped="0">
  <testcase classname="org.check.EdgeTestingClass" name="login" time="15.118"/>
  <system-out/>
  <testcase classname="org.check.EdgeTestingClass" name="addCpu" time="21.713"/>
  <system-out/>
  <testcase classname="org.check.EdgeTestingClass" name="addCooler" time="27.983"/>
  <system-out/>
  <testcase classname="org.check.EdgeTestingClass" name="addMb" time="27.502"/>
  <system-out/>
  <testcase classname="org.check.EdgeTestingClass" name="addRam" time="28.316"/>
  <system-out/>
  <testcase classname="org.check.EdgeTestingClass" name="addSsd" time="27.349"/>
  <system-out/>
  <testcase classname="org.check.EdgeTestingClass" name="addGpu" time="27.975"/>
  <system-out/>
  <testcase classname="org.check.EdgeTestingClass" name="addPower" time="27.580"/>
  <system-out/>
  <testcase classname="org.check.EdgeTestingClass" name="addCabinet" time="27.819"/>
  <system-out/>
  <testcase classname="org.check.EdgeTestingClass" name="saveBuild" time="12.084"/>
  <system-out/>
  <testcase classname="org.check.EdgeTestingClass" name="createLink" time="6.080"/>
  <system-out/>
  <testcase classname="org.check.EdgeTestingClass" name="copyLink" time="6.043"/>
  <system-out/>
  <testcase classname="org.check.EdgeTestingClass" name="getPrice" time="0.031"/>
  <system-out/>
</testsuite> <!-- org.check.EdgeTestingClass -->
