<?xml version="1.0" encoding="UTF-8"?>
<!-- Generated by org.testng.reporters.JUnitReportReporter -->
<testsuite hostname="DESKTOP-RDG3KHH" failures="0" tests="13" name="org.check.ChromeTestingClass" time="258.730" errors="0" timestamp="2023-10-13T17:44:18 IST" skipped="0">
  <testcase classname="org.check.ChromeTestingClass" name="login" time="15.604"/>
  <system-out/>
  <testcase classname="org.check.ChromeTestingClass" name="addCpu" time="22.414"/>
  <system-out/>
  <testcase classname="org.check.ChromeTestingClass" name="addCooler" time="28.113"/>
  <system-out/>
  <testcase classname="org.check.ChromeTestingClass" name="addMb" time="28.195"/>
  <system-out/>
  <testcase classname="org.check.ChromeTestingClass" name="addRam" time="28.354"/>
  <system-out/>
  <testcase classname="org.check.ChromeTestingClass" name="addSsd" time="27.693"/>
  <system-out/>
  <testcase classname="org.check.ChromeTestingClass" name="addGpu" time="28.827"/>
  <system-out/>
  <testcase classname="org.check.ChromeTestingClass" name="addPower" time="27.496"/>
  <system-out/>
  <testcase classname="org.check.ChromeTestingClass" name="addCabinet" time="27.822"/>
  <system-out/>
  <testcase classname="org.check.ChromeTestingClass" name="saveBuild" time="12.071"/>
  <system-out/>
  <testcase classname="org.check.ChromeTestingClass" name="createLink" time="6.065"/>
  <system-out/>
  <testcase classname="org.check.ChromeTestingClass" name="copyLink" time="6.034"/>
  <system-out/>
  <testcase classname="org.check.ChromeTestingClass" name="getPrice" time="0.042"/>
  <system-out/>
</testsuite> <!-- org.check.ChromeTestingClass -->
